2024-05-02T02:35:21.535274Z	Cloning repository...
2024-05-02T02:35:22.459799Z	From https://github.com/open-ss-lab/shopped
2024-05-02T02:35:22.460352Z	 * branch            50516285378074f312f5b6fc218daeb97a63b8dd -> FETCH_HEAD
2024-05-02T02:35:22.460454Z	
2024-05-02T02:35:22.528802Z	HEAD is now at 5051628 chore: update .env.example
2024-05-02T02:35:22.52923Z	
2024-05-02T02:35:22.620678Z	
2024-05-02T02:35:22.621283Z	Using v2 root directory strategy
2024-05-02T02:35:22.645442Z	Success: Finished cloning repository files
2024-05-02T02:35:24.201756Z	Checking for configuration in a wrangler.toml configuration file (BETA)
2024-05-02T02:35:24.202345Z	
2024-05-02T02:35:24.202453Z	Found wrangler.toml file. Reading build configuration...
2024-05-02T02:35:24.324868Z	A wrangler.toml file was found but it does not appear to be valid. Did you mean to use wrangler.toml to configure Pages? If so, then make sure the file is valid and contains the `pages_build_output_dir` property. Skipping file and continuing.
2024-05-02T02:35:24.485704Z	Detected the following tools from environment: pnpm@8.7.1, nodejs@18.17.1, pip@23.2.1, python@3.11.5, npm@9.6.7
2024-05-02T02:35:25.296898Z	Installing project dependencies: pnpm install
2024-05-02T02:35:25.980954Z	Scope: all 4 workspace projects
2024-05-02T02:35:26.043475Z	..                                       |  WARN  Ignoring not compatible lockfile at /opt/buildhome/repo/pnpm-lock.yaml
2024-05-02T02:35:26.249529Z	..                                       | Progress: resolved 1, reused 0, downloaded 0, added 0
2024-05-02T02:35:27.287736Z	..                                       | Progress: resolved 31, reused 0, downloaded 27, added 0
2024-05-02T02:35:28.289408Z	..                                       | Progress: resolved 53, reused 0, downloaded 41, added 0
2024-05-02T02:35:29.289675Z	..                                       | Progress: resolved 162, reused 0, downloaded 139, added 0
2024-05-02T02:35:30.326499Z	..                                       | Progress: resolved 227, reused 0, downloaded 197, added 0
2024-05-02T02:35:31.327705Z	..                                       | Progress: resolved 288, reused 0, downloaded 244, added 0
2024-05-02T02:35:32.327671Z	..                                       | Progress: resolved 391, reused 0, downloaded 340, added 0
2024-05-02T02:35:33.330544Z	..                                       | Progress: resolved 456, reused 0, downloaded 401, added 0
2024-05-02T02:35:34.366118Z	..                                       | Progress: resolved 594, reused 0, downloaded 486, added 0
2024-05-02T02:35:35.039935Z	 WARN  deprecated rollup-plugin-inject@3.0.2: This package has been deprecated and is no longer maintained. Please use @rollup/plugin-inject.
2024-05-02T02:35:35.382643Z	..                                       | Progress: resolved 780, reused 0, downloaded 624, added 0
2024-05-02T02:35:36.07225Z	 WARN  deprecated sourcemap-codec@1.4.8: Please use @jridgewell/sourcemap-codec instead
2024-05-02T02:35:36.382729Z	..                                       | Progress: resolved 960, reused 0, downloaded 828, added 0
2024-05-02T02:35:36.630619Z	 WARN  deprecated debug@4.1.1: Debug versions >=3.2.0 <3.2.7 || >=4 <4.3.1 have a low-severity ReDos regression when used in a Node.js environment. It is recommended you upgrade to 3.2.7 or 4.3.1. (https://github.com/visionmedia/debug/issues/797)
2024-05-02T02:35:36.735442Z	 WARN  deprecated uuid@3.3.2: Please upgrade  to version 7 or higher.  Older versions may use Math.random() in certain circumstances, which is known to be problematic.  See https://v8.dev/blog/math-random for details.
2024-05-02T02:35:36.921048Z	 WARN  deprecated fsevents@2.1.3: "Please update to latest v2.3 or v2.2"
2024-05-02T02:35:37.383619Z	..                                       | Progress: resolved 1112, reused 0, downloaded 969, added 0
2024-05-02T02:35:37.916022Z	..                                       |    +1028 ++++++++++++++++++++++++++++
2024-05-02T02:35:38.384057Z	..                                       | Progress: resolved 1153, reused 0, downloaded 1028, added 335
2024-05-02T02:35:39.383466Z	..                                       | Progress: resolved 1153, reused 0, downloaded 1028, added 944
2024-05-02T02:35:39.571554Z	..                                       | Progress: resolved 1153, reused 0, downloaded 1028, added 1028, done
2024-05-02T02:35:39.71471Z	.../esbuild@0.14.47/node_modules/esbuild postinstall$ node install.js
2024-05-02T02:35:39.715408Z	.../esbuild@0.17.19/node_modules/esbuild postinstall$ node install.js
2024-05-02T02:35:39.715681Z	.../esbuild@0.15.18/node_modules/esbuild postinstall$ node install.js
2024-05-02T02:35:39.922982Z	.../esbuild@0.20.2/node_modules/esbuild postinstall$ node install.js
2024-05-02T02:35:39.924334Z	.../node_modules/workerd postinstall$ node install.js
2024-05-02T02:35:39.973827Z	.../esbuild@0.14.47/node_modules/esbuild postinstall: Done
2024-05-02T02:35:40.027615Z	.../esbuild@0.17.19/node_modules/esbuild postinstall: Done
2024-05-02T02:35:40.036814Z	.../esbuild@0.15.18/node_modules/esbuild postinstall: Done
2024-05-02T02:35:40.046458Z	.../esbuild@0.20.2/node_modules/esbuild postinstall: Done
2024-05-02T02:35:40.182468Z	.../node_modules/workerd postinstall: Done
2024-05-02T02:35:40.828877Z	.../sharp@0.33.3/node_modules/sharp install$ node install/check
2024-05-02T02:35:40.993462Z	.../sharp@0.33.3/node_modules/sharp install: Done
2024-05-02T02:35:48.192604Z	.. prepare$ husky
2024-05-02T02:35:48.370252Z	.. prepare: Done
2024-05-02T02:35:48.410316Z	
2024-05-02T02:35:48.410552Z	dependencies:
2024-05-02T02:35:48.410711Z	+ @cloudflare/next-on-pages 1.11.2
2024-05-02T02:35:48.410952Z	+ @openui-org/react 1.7.0
2024-05-02T02:35:48.411255Z	+ @tanstack/react-table 8.16.0
2024-05-02T02:35:48.411473Z	+ clsx 2.1.1
2024-05-02T02:35:48.411604Z	+ embla-carousel-autoplay 8.0.2
2024-05-02T02:35:48.411744Z	+ embla-carousel-react 8.0.2
2024-05-02T02:35:48.41186Z	+ lucide-react 0.371.0 (0.376.0 is available)
2024-05-02T02:35:48.411972Z	+ next 14.2.3
2024-05-02T02:35:48.412088Z	+ next-view-transitions 0.1.1
2024-05-02T02:35:48.412248Z	+ react 18.3.1
2024-05-02T02:35:48.412378Z	+ react-dom 18.3.1
2024-05-02T02:35:48.412493Z	+ react-hook-form 7.51.3
2024-05-02T02:35:48.412589Z	+ recharts 2.12.5 (2.12.6 is available)
2024-05-02T02:35:48.412694Z	+ sharp 0.33.3
2024-05-02T02:35:48.412806Z	+ sonner 1.4.41
2024-05-02T02:35:48.412915Z	+ swr 2.2.5
2024-05-02T02:35:48.413136Z	+ zustand 4.5.2
2024-05-02T02:35:48.413271Z	
2024-05-02T02:35:48.413386Z	devDependencies:
2024-05-02T02:35:48.413566Z	+ @cloudflare/workers-types 4.20240423.0
2024-05-02T02:35:48.413694Z	+ @shopped/typings 0.1.0 <- ../tools/types
2024-05-02T02:35:48.413987Z	+ @testing-library/react 15.0.2 (15.0.6 is available)
2024-05-02T02:35:48.414151Z	+ @types/node 20.12.7 (20.12.8 is available)
2024-05-02T02:35:48.414243Z	+ @types/react 18.2.79 (18.3.1 is available)
2024-05-02T02:35:48.414345Z	+ @types/react-dom 18.2.25 (18.3.0 is available)
2024-05-02T02:35:48.414453Z	+ @vitejs/plugin-react 4.2.1
2024-05-02T02:35:48.414614Z	+ embla-carousel 8.0.2
2024-05-02T02:35:48.414746Z	+ eslint 8.57.0 (9.1.1 is available)
2024-05-02T02:35:48.414904Z	+ eslint-config-next 14.2.2 (14.2.3 is available)
2024-05-02T02:35:48.415005Z	+ jsdom 24.0.0
2024-05-02T02:35:48.415225Z	+ postcss 8.4.38
2024-05-02T02:35:48.415351Z	+ tailwindcss 3.4.3
2024-05-02T02:35:48.415447Z	+ typescript 5.4.5
2024-05-02T02:35:48.415543Z	+ vitest 1.5.0 (1.5.3 is available)
2024-05-02T02:35:48.415634Z	+ wrangler 3.53.0
2024-05-02T02:35:48.415725Z	
2024-05-02T02:35:48.415859Z	Done in 22.7s
2024-05-02T02:35:48.537978Z	Executing user command: npx @cloudflare/next-on-pages@1
2024-05-02T02:35:52.759925Z	⚡️ @cloudflare/next-on-pages CLI v.1.11.2
2024-05-02T02:35:53.103614Z	⚡️ Detected Package Manager: npm (9.6.7)
2024-05-02T02:35:53.103894Z	⚡️ Preparing project...
2024-05-02T02:35:53.105636Z	
2024-05-02T02:35:53.105814Z	⚡️ The project is set up for pnpm but it is currently being run via npm this might lead to build errors, please be sure to use the same package manager your project uses when running @cloudflare/next-on-pages
2024-05-02T02:35:53.105951Z	
2024-05-02T02:35:53.107396Z	⚡️ Project is ready
2024-05-02T02:35:53.107614Z	⚡️ Building project...
2024-05-02T02:35:53.974805Z	▲  Vercel CLI 34.1.7
2024-05-02T02:35:54.36672Z	▲  Detected `pnpm-lock.yaml` version 6 generated by pnpm 8
2024-05-02T02:35:54.38839Z	▲  Installing dependencies...
2024-05-02T02:35:54.847467Z	▲  Scope: all 4 workspace projects
2024-05-02T02:35:56.783787Z	▲  
2024-05-02T02:35:58.235943Z	▲  .. prepare$ husky
2024-05-02T02:35:58.373733Z	▲  .. prepare: Done
2024-05-02T02:35:58.39503Z	▲  Done in 3.8s
2024-05-02T02:35:58.418842Z	▲  Detected Next.js version: 14.2.3
2024-05-02T02:35:58.44853Z	▲  Running "pnpm run build"
2024-05-02T02:35:58.873508Z	▲  > @shopped/ui@0.1.0 build /opt/buildhome/repo/ui
2024-05-02T02:35:58.873734Z	▲  > next build
2024-05-02T02:36:00.014653Z	▲  Attention: Next.js now collects completely anonymous telemetry regarding usage.
2024-05-02T02:36:00.014992Z	▲  This information is used to shape Next.js' roadmap and prioritize features.
2024-05-02T02:36:00.015225Z	▲  You can learn more, including how to opt-out if you'd not like to participate in this anonymous program, by visiting the following URL:
2024-05-02T02:36:00.015367Z	▲  https://nextjs.org/telemetry
2024-05-02T02:36:00.10123Z	▲  ▲ Next.js 14.2.3
2024-05-02T02:36:00.101584Z	▲  
2024-05-02T02:36:00.162034Z	▲  Creating an optimized production build ...
2024-05-02T02:36:28.170916Z	▲  ✓ Compiled successfully
2024-05-02T02:36:28.172381Z	▲  Linting and checking validity of types ...
2024-05-02T02:36:32.657825Z	▲  Collecting page data ...
2024-05-02T02:36:34.091462Z	▲  ⚠ Using edge runtime on a page currently disables static generation for that page
2024-05-02T02:36:35.027176Z	▲  Generating static pages (0/16) ...
2024-05-02T02:36:35.733203Z	▲  Generating static pages (4/16)
2024-05-02T02:36:35.735464Z	▲  Generating static pages (8/16)
2024-05-02T02:36:35.847852Z	▲  Generating static pages (12/16)
2024-05-02T02:36:35.867426Z	▲  ✓ Generating static pages (16/16)
2024-05-02T02:36:35.988304Z	▲  Finalizing page optimization ...
2024-05-02T02:36:35.988678Z	▲  Collecting build traces ...
2024-05-02T02:36:36.115043Z	▲  
2024-05-02T02:36:36.11845Z	▲  Route (app)                              Size     First Load JS
2024-05-02T02:36:36.118896Z	▲  ┌ ○ /                                    154 B          87.5 kB
2024-05-02T02:36:36.119134Z	▲  ├ ƒ /_not-found                          154 B          87.5 kB
2024-05-02T02:36:36.119473Z	▲  ├ ○ /dashboard                           98.1 kB         248 kB
2024-05-02T02:36:36.119689Z	▲  ├ ○ /dashboard/banners                   154 B          87.5 kB
2024-05-02T02:36:36.119812Z	▲  ├ ○ /dashboard/categories                3.7 kB          173 kB
2024-05-02T02:36:36.119916Z	▲  ├ ○ /dashboard/categories/create         1.19 kB         151 kB
2024-05-02T02:36:36.12002Z	▲  ├ ○ /dashboard/customers                 1.81 kB         165 kB
2024-05-02T02:36:36.120142Z	▲  ├ ○ /dashboard/orders                    3.06 kB         166 kB
2024-05-02T02:36:36.120257Z	▲  ├ ○ /dashboard/products                  3.72 kB         173 kB
2024-05-02T02:36:36.120361Z	▲  ├ ○ /dashboard/products/create           2.15 kB         152 kB
2024-05-02T02:36:36.120508Z	▲  ├ ○ /dashboard/sing-in                   154 B          87.5 kB
2024-05-02T02:36:36.120615Z	▲  ├ ○ /shopped                             4.62 kB         166 kB
2024-05-02T02:36:36.120717Z	▲  ├ ○ /shopped/about                       154 B          87.5 kB
2024-05-02T02:36:36.12083Z	▲  ├ ○ /shopped/products                    826 B          93.2 kB
2024-05-02T02:36:36.120969Z	▲  └ ƒ /shopped/products/[name]             2.31 kB         164 kB
2024-05-02T02:36:36.121114Z	▲  + First Load JS shared by all            87.3 kB
2024-05-02T02:36:36.121229Z	▲  ├ chunks/361c7f69-44f1e16f9eaa2758.js  53.7 kB
2024-05-02T02:36:36.121359Z	▲  ├ chunks/613-0411efa38a286129.js       31.6 kB
2024-05-02T02:36:36.121629Z	▲  └ other shared chunks (total)          2.02 kB
2024-05-02T02:36:36.121723Z	▲  ○  (Static)   prerendered as static content
2024-05-02T02:36:36.121961Z	▲  ƒ  (Dynamic)  server-rendered on demand
2024-05-02T02:36:36.226678Z	▲  Traced Next.js server files in: 24.015ms
2024-05-02T02:36:37.422771Z	▲  Created all serverless functions in: 1.196s
2024-05-02T02:36:37.706936Z	▲  Collected static files (public/, static/, .next/static): 7.661ms
2024-05-02T02:36:37.785632Z	▲  Build Completed in .vercel/output [44s]
2024-05-02T02:36:37.865928Z	⚡️ Completed `npx vercel build`.
2024-05-02T02:36:39.083218Z	
2024-05-02T02:36:39.083454Z	⚡️ Build Summary (@cloudflare/next-on-pages v1.11.2)
2024-05-02T02:36:39.083601Z	⚡️ 
2024-05-02T02:36:39.08372Z	⚡️ Edge Function Routes (2)
2024-05-02T02:36:39.083864Z	⚡️   ┌ /_not-found
2024-05-02T02:36:39.083989Z	⚡️   └ /shopped/products/[name]
2024-05-02T02:36:39.08411Z	⚡️ 
2024-05-02T02:36:39.08422Z	⚡️ Prerendered Routes (27)
2024-05-02T02:36:39.084323Z	⚡️   ┌ /
2024-05-02T02:36:39.084417Z	⚡️   ├ /dashboard
2024-05-02T02:36:39.084521Z	⚡️   ├ /dashboard.rsc
2024-05-02T02:36:39.08463Z	⚡️   ├ /dashboard/banners
2024-05-02T02:36:39.084749Z	⚡️   ├ /dashboard/banners.rsc
2024-05-02T02:36:39.084848Z	⚡️   ├ /dashboard/categories
2024-05-02T02:36:39.084937Z	⚡️   ├ /dashboard/categories.rsc
2024-05-02T02:36:39.085025Z	⚡️   ├ /dashboard/categories/create
2024-05-02T02:36:39.08514Z	⚡️   ├ /dashboard/categories/create.rsc
2024-05-02T02:36:39.085241Z	⚡️   ├ /dashboard/customers
2024-05-02T02:36:39.085334Z	⚡️   ├ /dashboard/customers.rsc
2024-05-02T02:36:39.085428Z	⚡️   ├ /dashboard/orders
2024-05-02T02:36:39.08552Z	⚡️   ├ /dashboard/orders.rsc
2024-05-02T02:36:39.085605Z	⚡️   ├ /dashboard/products
2024-05-02T02:36:39.085699Z	⚡️   ├ /dashboard/products.rsc
2024-05-02T02:36:39.085795Z	⚡️   ├ /dashboard/products/create
2024-05-02T02:36:39.085887Z	⚡️   ├ /dashboard/products/create.rsc
2024-05-02T02:36:39.085976Z	⚡️   ├ /dashboard/sing-in
2024-05-02T02:36:39.086068Z	⚡️   ├ /dashboard/sing-in.rsc
2024-05-02T02:36:39.08617Z	⚡️   └ ... 8 more
2024-05-02T02:36:39.086264Z	⚡️ 
2024-05-02T02:36:39.086358Z	⚡️ Other Static Assets (61)
2024-05-02T02:36:39.086452Z	⚡️   ┌ /_app.rsc.json
2024-05-02T02:36:39.08654Z	⚡️   ├ /_document.rsc.json
2024-05-02T02:36:39.086633Z	⚡️   ├ /_error.rsc.json
2024-05-02T02:36:39.086743Z	⚡️   ├ /500.html
2024-05-02T02:36:39.086987Z	⚡️   └ ... 57 more
2024-05-02T02:36:39.087236Z	
2024-05-02T02:36:39.089768Z	⚡️ Build log saved to '.vercel/output/static/_worker.js/nop-build-log.json'
2024-05-02T02:36:39.090125Z	⚡️ Generated '.vercel/output/static/_worker.js/index.js'.
2024-05-02T02:36:39.090322Z	⚡️ Build completed in 1.23s
2024-05-02T02:36:39.135257Z	Finished
2024-05-02T02:36:39.135767Z	Found _worker.js in output directory. Uploading.
2024-05-02T02:36:40.081833Z	Attaching additional modules:
2024-05-02T02:36:40.089283Z	┌─────────────────────────────────────────────────────────────────────┬──────┬────────────┐
2024-05-02T02:36:40.089621Z	│ Name                                                                │ Type │ Size       │
2024-05-02T02:36:40.0898Z	├─────────────────────────────────────────────────────────────────────┼──────┼────────────┤
2024-05-02T02:36:40.089903Z	│ __next-on-pages-dist__/cache/adaptor.js                             │ esm  │ 2.03 KiB   │
2024-05-02T02:36:40.090005Z	├─────────────────────────────────────────────────────────────────────┼──────┼────────────┤
2024-05-02T02:36:40.090133Z	│ __next-on-pages-dist__/cache/cache-api.js                           │ esm  │ 0.43 KiB   │
2024-05-02T02:36:40.09025Z	├─────────────────────────────────────────────────────────────────────┼──────┼────────────┤
2024-05-02T02:36:40.090367Z	│ __next-on-pages-dist__/cache/kv.js                                  │ esm  │ 0.31 KiB   │
2024-05-02T02:36:40.090471Z	├─────────────────────────────────────────────────────────────────────┼──────┼────────────┤
2024-05-02T02:36:40.090561Z	│ __next-on-pages-dist__/functions/_not-found.func.js                 │ esm  │ 33.51 KiB  │
2024-05-02T02:36:40.090648Z	├─────────────────────────────────────────────────────────────────────┼──────┼────────────┤
2024-05-02T02:36:40.090762Z	│ __next-on-pages-dist__/functions/shopped/products/[name].func.js    │ esm  │ 321.47 KiB │
2024-05-02T02:36:40.090955Z	├─────────────────────────────────────────────────────────────────────┼──────┼────────────┤
2024-05-02T02:36:40.091062Z	│ __next-on-pages-dist__/manifest/8979b518535174c7eb8d77a6d5a08905.js │ esm  │ 1.18 KiB   │
2024-05-02T02:36:40.091164Z	├─────────────────────────────────────────────────────────────────────┼──────┼────────────┤
2024-05-02T02:36:40.091236Z	│ __next-on-pages-dist__/webpack/c256e715876a4f06d1d198b5f3e528f5.js  │ esm  │ 626.54 KiB │
2024-05-02T02:36:40.0913Z	└─────────────────────────────────────────────────────────────────────┴──────┴────────────┘
2024-05-02T02:36:40.170061Z	✨ Compiled Worker successfully
2024-05-02T02:36:40.213232Z	Found _routes.json in output directory. Uploading.
2024-05-02T02:36:40.22722Z	Validating asset output directory
2024-05-02T02:36:40.907197Z	Deploying your site to Cloudflare's global network...
2024-05-02T02:36:44.365299Z	Parsed 1 valid header rule.
2024-05-02T02:36:45.673925Z	Uploading... (54/89)
2024-05-02T02:36:46.782912Z	Uploading... (66/89)
2024-05-02T02:36:46.788015Z	Uploading... (78/89)
2024-05-02T02:36:46.949795Z	Uploading... (89/89)
2024-05-02T02:36:46.95011Z	✨ Success! Uploaded 35 files (54 already uploaded) (1.60 sec)
2024-05-02T02:36:46.950239Z	
2024-05-02T02:36:47.258733Z	✨ Upload complete!
2024-05-02T02:36:49.342409Z	Success: Assets published!
2024-05-02T02:36:51.906724Z	Success: Your site was deployed!